c:\users\minex\desktop\sc\jakub_rybski_3_zad\zad2\debug\vc142.pdb
c:\users\minex\desktop\sc\jakub_rybski_3_zad\zad2\debug\vc142.idb
c:\users\minex\desktop\sc\jakub_rybski_3_zad\zad2\debug\user.obj
c:\users\minex\desktop\sc\jakub_rybski_3_zad\zad2\debug\simulator.obj
c:\users\minex\desktop\sc\jakub_rybski_3_zad\zad2\debug\resourceblock.obj
c:\users\minex\desktop\sc\jakub_rybski_3_zad\zad2\debug\network.obj
c:\users\minex\desktop\sc\jakub_rybski_3_zad\zad2\debug\main.obj
c:\users\minex\desktop\sc\jakub_rybski_3_zad\zad2\debug\generator.obj
c:\users\minex\desktop\sc\jakub_rybski_3_zad\zad2\debug\generateuserevent.obj
c:\users\minex\desktop\sc\jakub_rybski_3_zad\zad2\debug\event.obj
c:\users\minex\desktop\sc\jakub_rybski_3_zad\zad2\debug\basestation.obj
c:\users\minex\desktop\sc\jakub_rybski_3_zad\zad2\debug\allocateuser.obj
c:\users\minex\desktop\sc4\jakub_rybski_4_zad\zad2\debug\vc142.pdb
c:\users\minex\desktop\sc4\jakub_rybski_4_zad\zad2\debug\vc142.idb
c:\users\minex\desktop\sc4\jakub_rybski_4_zad\zad2\debug\user.obj
c:\users\minex\desktop\sc4\jakub_rybski_4_zad\zad2\debug\simulator.obj
c:\users\minex\desktop\sc4\jakub_rybski_4_zad\zad2\debug\resourceblock.obj
c:\users\minex\desktop\sc4\jakub_rybski_4_zad\zad2\debug\network.obj
c:\users\minex\desktop\sc4\jakub_rybski_4_zad\zad2\debug\main.obj
c:\users\minex\desktop\sc4\jakub_rybski_4_zad\zad2\debug\generator.obj
c:\users\minex\desktop\sc4\jakub_rybski_4_zad\zad2\debug\generateuserevent.obj
c:\users\minex\desktop\sc4\jakub_rybski_4_zad\zad2\debug\event.obj
c:\users\minex\desktop\sc4\jakub_rybski_4_zad\zad2\debug\basestation.obj
c:\users\minex\desktop\sc4\jakub_rybski_4_zad\zad2\debug\allocateuser.obj
c:\users\minex\desktop\sc4\jakub_rybski_4_zad\zad2\debug\changerk.obj
c:\users\minex\desktop\sc\jakub_rybski_3_zad\debug\zad4.ilk
c:\users\minex\desktop\sc\jakub_rybski_3_zad\debug\zad4.exe
c:\users\minex\desktop\sc\jakub_rybski_3_zad\debug\zad4.pdb
c:\users\minex\desktop\sc4\jakub_rybski_4_zad\debug\zad4.exe
c:\users\minex\desktop\sc4\jakub_rybski_4_zad\debug\zad4.ilk
c:\users\minex\desktop\sc4\jakub_rybski_4_zad\debug\zad4.pdb
c:\users\minex\desktop\sc4\jakub_rybski_4_zad\zad2\debug\endtransmissionevent.obj
c:\users\minex\desktop\sc4\jakub_rybski_4_zad\zad2\debug\exponentialgenerator.obj
c:\users\minex\desktop\sc4\jakub_rybski_4_zad\zad2\debug\zad2.obj
c:\users\minex\desktop\sc4\jakub_rybski_4_zad\zad2\debug\allocateuser.obj.enc
c:\users\minex\desktop\sc4\jakub_rybski_4_zad\zad2\debug\user.obj.enc
c:\users\minex\desktop\sc4\jakub_rybski_4_zad\zad2\debug\zad4.tlog\cl.command.1.tlog
c:\users\minex\desktop\sc4\jakub_rybski_4_zad\zad2\debug\zad4.tlog\cl.read.1.tlog
c:\users\minex\desktop\sc4\jakub_rybski_4_zad\zad2\debug\zad4.tlog\cl.write.1.tlog
c:\users\minex\desktop\sc4\jakub_rybski_4_zad\zad2\debug\zad4.tlog\link.command.1.tlog
c:\users\minex\desktop\sc4\jakub_rybski_4_zad\zad2\debug\zad4.tlog\link.read.1.tlog
c:\users\minex\desktop\sc4\jakub_rybski_4_zad\zad2\debug\zad4.tlog\link.write.1.tlog
